$ cargo clippy --all-targets -- -D warnings -W clippy::pedantic -W clippy::unwrap_used -W clippy::expect_used -W clippy::indexing_slicing -A clippy::struct_excessive_bools -A clippy::module_name_repetitions -A clippy::missing_errors_doc -A clippy::must_use_candidate
    Checking mealgen v0.1.0 (/home/juno/mealgen)
error: Failed to parse formatted segment: Expected Ident or Expression
   --> src/components/pages/meal_generator.rs:195:36
    |
195 | ...e: "width: 2.5rem; height: 1.25rem; border-radius: 9999px; position: relative; border: none; cursor: pointer; transition: background 0.2s; {if *cuisine_lock.read() { \"background: var(--accent);\" } else { \"background: var(--bg-elevated);\" }}",
    |       ^^^^^^^^^^^^^^^^^^^^^^^^^^^^^^^^^^^^^^^^^^^^^^^^^^^^^^^^^^^^^^^^^^^^^^^^^^^^^^^^^^^^^^^^^^^^^^^^^^^^^^^^^^^^^^^^^^^^^^^^^^^^^^^^^^^^^^^^^^^^^^^^^^^^^^^^^^^^^^^^^^^^^^^^^^^^^^^^^^^^^^^^^^^^^^^^^^^^^^^^^^^^^^^^^^^^^^^^^^^^^^^^^^^^^^^^^^^^^^^^^^

error: Failed to parse formatted segment: Expected Ident or Expression
   --> src/components/pages/meal_generator.rs:279:22
    |
279 | ...e: "background: var(--bg-surface); border: 1px solid var(--border-subtle); border-radius: 0.75rem; margin-bottom: 0.75rem; overflow: hidden; {if locked { \"border-color: var(--accent);\" } else { \"\" }}",
    |       ^^^^^^^^^^^^^^^^^^^^^^^^^^^^^^^^^^^^^^^^^^^^^^^^^^^^^^^^^^^^^^^^^^^^^^^^^^^^^^^^^^^^^^^^^^^^^^^^^^^^^^^^^^^^^^^^^^^^^^^^^^^^^^^^^^^^^^^^^^^^^^^^^^^^^^^^^^^^^^^^^^^^^^^^^^^^^^^^^^^^^^^^^^^^^^^^^^^^^^^^^

error[E0433]: failed to resolve: use of unresolved module or unlinked crate `gloo_timers`
 --> src/components/pages/home.rs:5:5
  |
5 | use gloo_timers::future::TimeoutFuture;
  |     ^^^^^^^^^^^ use of unresolved module or unlinked crate `gloo_timers`
  |
  = help: if you wanted to use a crate named `gloo_timers`, use `cargo add gloo_timers` to add it to your `Cargo.toml`

error[E0432]: unresolved imports `web_sys::CanvasRenderingContext2d`, `web_sys::HtmlCanvasElement`
 --> src/components/pages/home.rs:8:23
  |
8 | use web_sys::{window, CanvasRenderingContext2d, HtmlCanvasElement};
  |                       ^^^^^^^^^^^^^^^^^^^^^^^^  ^^^^^^^^^^^^^^^^^
  |                       |                         |
  |                       |                         no `HtmlCanvasElement` in the root
  |                       |                         help: a similar name exists in the module: `HtmlHeadElement`
  |                       no `CanvasRenderingContext2d` in the root

error[E0432]: unresolved import `wasm_bindgen`
 --> src/components/pages/home.rs:6:5
  |
6 | use wasm_bindgen::JsCast;
  |     ^^^^^^^^^^^^ help: a similar path exists: `web_sys::wasm_bindgen`

error[E0433]: failed to resolve: could not find `jello` in the crate root
  --> src/components/pages/home.rs:11:12
   |
11 | use crate::jello::render::BodyRenderData;
   |            ^^^^^ could not find `jello` in the crate root

error[E0432]: unresolved import `wasm_bindgen_futures`
 --> src/components/pages/home.rs:7:5
  |
7 | use wasm_bindgen_futures::JsFuture;
  |     ^^^^^^^^^^^^^^^^^^^^ use of unresolved module or unlinked crate `wasm_bindgen_futures`
  |
  = help: if you wanted to use a crate named `wasm_bindgen_futures`, use `cargo add wasm_bindgen_futures` to add it to your `Cargo.toml`

error[E0432]: unresolved import `crate::jello`
  --> src/components/pages/home.rs:12:12
   |
12 | use crate::jello::{create_physics, render, PhysicsState};
   |            ^^^^^ could not find `jello` in the crate root

error[E0432]: unresolved import `serde`
 --> src/content/mod.rs:5:5
  |
5 | use serde::{Deserialize, Serialize};
  |     ^^^^^ use of unresolved module or unlinked crate `serde`
  |
  = help: if you wanted to use a crate named `serde`, use `cargo add serde` to add it to your `Cargo.toml`

error[E0412]: cannot find type `Ingredient` in module `crate::content`
  --> src/components/pages/meal_generator.rs:72:46
   |
72 |     protein: Option<&'static crate::content::Ingredient>,
   |                                              ^^^^^^^^^^ not found in `crate::content`
   |
note: struct `crate::content::meal_data::Ingredient` exists but is inaccessible
  --> src/content/meal_data.rs:4:1
   |
 4 | pub struct Ingredient {
   | ^^^^^^^^^^^^^^^^^^^^^ not accessible

error[E0412]: cannot find type `Ingredient` in module `crate::content`
  --> src/components/pages/meal_generator.rs:73:45
   |
73 |     starch: Option<&'static crate::content::Ingredient>,
   |                                             ^^^^^^^^^^ not found in `crate::content`
   |
note: struct `crate::content::meal_data::Ingredient` exists but is inaccessible
  --> src/content/meal_data.rs:4:1
   |
 4 | pub struct Ingredient {
   | ^^^^^^^^^^^^^^^^^^^^^ not accessible

error[E0412]: cannot find type `Ingredient` in module `crate::content`
  --> src/components/pages/meal_generator.rs:74:43
   |
74 |     veg1: Option<&'static crate::content::Ingredient>,
   |                                           ^^^^^^^^^^ not found in `crate::content`
   |
note: struct `crate::content::meal_data::Ingredient` exists but is inaccessible
  --> src/content/meal_data.rs:4:1
   |
 4 | pub struct Ingredient {
   | ^^^^^^^^^^^^^^^^^^^^^ not accessible

error[E0412]: cannot find type `Ingredient` in module `crate::content`
  --> src/components/pages/meal_generator.rs:75:43
   |
75 |     veg2: Option<&'static crate::content::Ingredient>,
   |                                           ^^^^^^^^^^ not found in `crate::content`
   |
note: struct `crate::content::meal_data::Ingredient` exists but is inaccessible
  --> src/content/meal_data.rs:4:1
   |
 4 | pub struct Ingredient {
   | ^^^^^^^^^^^^^^^^^^^^^ not accessible

error[E0412]: cannot find type `Ingredient` in module `crate::content`
  --> src/components/pages/meal_generator.rs:96:57
   |
96 |     let pick_random = |list: &[&'static crate::content::Ingredient]| {
   |                                                         ^^^^^^^^^^ not found in `crate::content`
   |
note: struct `crate::content::meal_data::Ingredient` exists but is inaccessible
  --> src/content/meal_data.rs:4:1
   |
 4 | pub struct Ingredient {
   | ^^^^^^^^^^^^^^^^^^^^^ not accessible

error[E0412]: cannot find type `Ingredient` in module `crate::content`
   --> src/components/pages/meal_generator.rs:101:65
    |
101 |     let in_cuisine = |c: &str, list: &[&'static crate::content::Ingredient]| {
    |                                                                 ^^^^^^^^^^ not found in `crate::content`
    |
note: struct `crate::content::meal_data::Ingredient` exists but is inaccessible
   --> src/content/meal_data.rs:4:1
    |
  4 | pub struct Ingredient {
    | ^^^^^^^^^^^^^^^^^^^^^ not accessible

error[E0412]: cannot find type `Ingredient` in module `crate::content`
   --> src/components/pages/meal_generator.rs:108:66
    |
108 |     let pairs_with_protein = |p: Option<&'static crate::content::Ingredient>,
    |                                                                  ^^^^^^^^^^ not found in `crate::content`
    |
note: struct `crate::content::meal_data::Ingredient` exists but is inaccessible
   --> src/content/meal_data.rs:4:1
    |
  4 | pub struct Ingredient {
    | ^^^^^^^^^^^^^^^^^^^^^ not accessible

error[E0412]: cannot find type `Ingredient` in module `crate::content`
   --> src/components/pages/meal_generator.rs:110:64
    |
110 | ...                   list: &[&'static crate::content::Ingredient],
    |                                                        ^^^^^^^^^^ not found in `crate::content`
    |
note: struct `crate::content::meal_data::Ingredient` exists but is inaccessible
   --> src/content/meal_data.rs:4:1
    |
  4 | pub struct Ingredient {
    | ^^^^^^^^^^^^^^^^^^^^^ not accessible

error[E0412]: cannot find type `Ingredient` in module `crate::content`
   --> src/components/pages/meal_generator.rs:274:43
    |
274 |     item: Option<&'static crate::content::Ingredient>,
    |                                           ^^^^^^^^^^ not found in `crate::content`
    |
note: struct `crate::content::meal_data::Ingredient` exists but is inaccessible
   --> src/content/meal_data.rs:4:1
    |
  4 | pub struct Ingredient {
    | ^^^^^^^^^^^^^^^^^^^^^ not accessible

error: unused imports: `CUISINE_LABELS` and `INGREDIENTS`
 --> src/components/pages/meal_generator.rs:6:70
  |
6 | use crate::content::{get_proteins, get_starches, get_vegs, CUISINES, CUISINE_LABELS, INGREDIENTS};
  |                                                                      ^^^^^^^^^^^^^^  ^^^^^^^^^^^
  |
  = note: `-D unused-imports` implied by `-D warnings`
  = help: to override `-D warnings` add `#[allow(unused_imports)]`

error: unused import: `home::Home`
 --> src/components/pages/mod.rs:7:9
  |
7 | pub use home::Home;
  |         ^^^^^^^^^^

error: unused imports: `Footer` and `Nav`
 --> src/main.rs:6:26
  |
6 | use components::layout::{Footer, Nav};
  |                          ^^^^^^  ^^^

error[E0599]: no method named `fonts` found for struct `web_sys::Document` in the current scope
   --> src/components/pages/home.rs:125:53
    |
125 | ...                   let fonts = doc.fonts();
    |                                       ^^^^^ method not found in `web_sys::Document`

error[E0599]: no method named `dyn_into` found for struct `web_sys::Element` in the current scope
   --> src/components/pages/home.rs:140:49
    |
140 | ...                   let Ok(el) = canvas.dyn_into::<HtmlCanvasElement>() else {
    |                                           ^^^^^^^^
    |
   ::: /home/juno/.cargo/registry/src/index.crates.io-1949cf8c6b5b557f/wasm-bindgen-0.2.108/src/cast.rs:43:8
    |
 43 |     fn dyn_into<T>(self) -> Result<T, Self>
    |        -------- the method is available for `web_sys::Element` here
    |
    = help: items from traits can only be used if the trait is in scope
help: trait `JsCast` which provides `dyn_into` is implemented but not in scope; perhaps you want to import it
    |
  3 + use web_sys::wasm_bindgen::JsCast;
    |
help: there is a method `into` with a similar name
    |
140 -                             let Ok(el) = canvas.dyn_into::<HtmlCanvasElement>() else {
140 +                             let Ok(el) = canvas.into::<HtmlCanvasElement>() else {
    |

error[E0599]: no function or associated item named `default` found for struct `components::pages::meal_generator::MealSelection` in the current scope
  --> src/components/pages/meal_generator.rs:90:51
   |
71 | struct MealSelection {
   | -------------------- function or associated item `default` not found for this struct
...
90 |     let mut selection = use_signal(MealSelection::default);
   |                                                   ^^^^^^^ function or associated item not found in `components::pages::meal_generator::MealSelection`
   |
   = help: items from traits can only be used if the trait is implemented and in scope
   = note: the following traits define an item `default`, perhaps you need to implement one of them:
           candidate #1: `dioxus::prelude::TrackExtension`
           candidate #2: `std::default::Default`

error[E0599]: no function or associated item named `default` found for struct `components::pages::meal_generator::LockState` in the current scope
  --> src/components/pages/meal_generator.rs:91:43
   |
79 | struct LockState {
   | ---------------- function or associated item `default` not found for this struct
...
91 |     let mut locks = use_signal(LockState::default);
   |                                           ^^^^^^^ function or associated item not found in `components::pages::meal_generator::LockState`
   |
   = help: items from traits can only be used if the trait is implemented and in scope
   = note: the following traits define an item `default`, perhaps you need to implement one of them:
           candidate #1: `dioxus::prelude::TrackExtension`
           candidate #2: `std::default::Default`

Some errors have detailed explanations: E0412, E0432, E0433, E0599.
For more information about an error, try `rustc --explain E0412`.
error: could not compile `mealgen` (bin "mealgen") due to 25 previous errors
warning: build failed, waiting for other jobs to finish...
error: could not compile `mealgen` (bin "mealgen" test) due to 25 previous errors
[exit code: 101]

$ cargo test
   Compiling unicode-ident v1.0.24
   Compiling cfg-if v1.0.4
   Compiling once_cell v1.21.3
   Compiling pin-project-lite v0.2.16
   Compiling futures-core v0.3.32
   Compiling smallvec v1.15.1
   Compiling slab v0.4.12
   Compiling memchr v2.8.0
   Compiling futures-io v0.3.32
   Compiling futures-task v0.3.32
   Compiling futures-sink v0.3.32
   Compiling scopeguard v1.2.0
   Compiling stable_deref_trait v1.2.1
   Compiling libc v0.2.182
   Compiling serde_core v1.0.228
   Compiling dioxus-core-types v0.7.3
   Compiling libloading v0.8.9
   Compiling rustc-hash v2.1.1
   Compiling longest-increasing-subsequence v0.1.0
   Compiling anyhow v1.0.101
   Compiling typenum v1.19.0
   Compiling zerocopy v0.8.39
   Compiling proc-macro2 v1.0.106
   Compiling wasm-bindgen-shared v0.2.108
   Compiling writeable v0.6.2
   Compiling litemap v0.8.1
   Compiling lock_api v0.4.14
   Compiling futures-channel v0.3.32
   Compiling bytes v1.11.1
   Compiling cpufeatures v0.2.17
   Compiling itoa v1.0.17
   Compiling num-traits v0.2.19
   Compiling tracing-core v0.1.36
   Compiling icu_normalizer_data v2.1.1
   Compiling icu_properties_data v2.1.2
   Compiling bitflags v2.11.0
   Compiling zmij v1.0.21
   Compiling winnow v0.7.14
   Compiling regex-syntax v0.8.9
   Compiling httparse v1.10.1
   Compiling utf-8 v0.7.6
   Compiling lazy_static v1.5.0
   Compiling utf8_iter v1.0.4
   Compiling data-encoding v2.10.0
   Compiling keyboard-types v0.7.0
   Compiling percent-encoding v2.3.2
   Compiling rustc-hash v1.1.0
   Compiling log v0.4.29
   Compiling sharded-slab v0.1.7
   Compiling thread_local v1.1.9
   Compiling send_wrapper v0.6.0
   Compiling dioxus-config-macros v0.7.3
   Compiling sledgehammer_utils v0.3.1
   Compiling form_urlencoded v1.2.2
   Compiling quote v1.0.44
   Compiling http v1.4.0
   Compiling syn v2.0.116
   Compiling const_format_proc_macros v0.2.34
   Compiling dioxus-config-macro v0.7.3
   Compiling generic-array v0.14.7
   Compiling euclid v0.22.13
   Compiling parking_lot_core v0.9.12
   Compiling memmap2 v0.9.10
   Compiling getrandom v0.3.4
   Compiling getrandom v0.2.17
   Compiling rand_core v0.9.5
   Compiling rand_core v0.6.4
   Compiling const_format v0.2.35
   Compiling parking_lot v0.12.5
   Compiling regex-automata v0.4.14
   Compiling crypto-common v0.1.7
   Compiling block-buffer v0.10.4
   Compiling digest v0.10.7
   Compiling sha1 v0.10.6
   Compiling sha2 v0.10.9
   Compiling serde_json v1.0.149
   Compiling matchers v0.2.0
   Compiling ppv-lite86 v0.2.21
   Compiling rand_chacha v0.9.0
   Compiling rand_chacha v0.3.1
   Compiling wasm-bindgen-macro-support v0.2.108
   Compiling synstructure v0.13.2
   Compiling darling_core v0.21.3
   Compiling proc-macro2-diagnostics v0.10.1
   Compiling macro-string v0.1.4
   Compiling rand v0.8.5
   Compiling rand v0.9.2
   Compiling dioxus-rsx v0.7.3
   Compiling serde_derive v1.0.228
   Compiling tracing-attributes v0.1.31
   Compiling futures-macro v0.3.32
   Compiling zerofrom-derive v0.1.6
   Compiling thiserror-impl v2.0.18
   Compiling yoke-derive v0.8.1
   Compiling zerovec-derive v0.11.2
   Compiling displaydoc v0.2.5
   Compiling pin-project-internal v1.1.10
   Compiling warnings-macro v0.2.0
   Compiling const-serialize-macro v0.7.2
   Compiling const-serialize-macro v0.8.0-alpha.0
   Compiling dioxus-html-internal-macro v0.7.3
   Compiling async-trait v0.1.89
   Compiling sledgehammer_bindgen_macro v0.6.5
   Compiling dioxus-router-macro v0.7.3
   Compiling dioxus-stores-macro v0.7.3
   Compiling const-serialize v0.7.2
   Compiling futures-util v0.3.32
   Compiling dioxus-core-macro v0.7.3
   Compiling zerofrom v0.1.6
   Compiling tracing v0.1.44
   Compiling pin-project v1.1.10
   Compiling yoke v0.8.1
   Compiling thiserror v2.0.18
   Compiling tungstenite v0.27.0
   Compiling generational-box v0.7.3
   Compiling warnings v0.2.1
   Compiling tracing-subscriber v0.3.22
   Compiling zerovec v0.11.5
   Compiling zerotrie v0.2.3
   Compiling darling_macro v0.21.3
   Compiling wasm-bindgen-macro v0.2.108
   Compiling tinystr v0.8.2
   Compiling potential_utf v0.1.4
   Compiling icu_collections v2.1.1
   Compiling icu_locale_core v2.1.1
   Compiling darling v0.21.3
   Compiling wasm-bindgen v0.2.108
   Compiling enumset_derive v0.14.0
   Compiling icu_provider v2.1.1
   Compiling serde v1.0.228
   Compiling js-sys v0.3.85
   Compiling dioxus-cli-config v0.7.3
   Compiling sledgehammer_bindgen v0.6.0
   Compiling icu_normalizer v2.1.1
   Compiling icu_properties v2.1.2
   Compiling dioxus-logger v0.7.3
   Compiling enumset v1.1.10
   Compiling subsecond-types v0.7.3
   Compiling slotmap v1.1.1
   Compiling const-serialize v0.8.0-alpha.0
   Compiling subsecond v0.7.3
   Compiling manganis-core v0.7.3
   Compiling dioxus-core v0.7.3
   Compiling idna_adapter v1.2.1
   Compiling idna v1.1.0
   Compiling manganis-macro v0.7.3
   Compiling url v2.5.8
   Compiling manganis v0.7.3
   Compiling dioxus-signals v0.7.3
   Compiling dioxus-history v0.7.3
   Compiling dioxus-devtools-types v0.7.3
   Compiling web-sys v0.3.85
   Compiling wasm-bindgen-futures v0.4.58
   Compiling gloo-timers v0.3.0
   Compiling serde-wasm-bindgen v0.6.5
   Compiling dioxus-hooks v0.7.3
   Compiling dioxus-devtools v0.7.3
   Compiling dioxus-stores v0.7.3
   Compiling dioxus-html v0.7.3
   Compiling dioxus-document v0.7.3
   Compiling dioxus-router v0.7.3
   Compiling dioxus-interpreter-js v0.7.3
   Compiling dioxus-asset-resolver v0.7.3
   Compiling wasm-streams v0.4.2
   Compiling dioxus-web v0.7.3
   Compiling dioxus v0.7.3
   Compiling mealgen v0.1.0 (/home/juno/mealgen)
error: Failed to parse formatted segment: Expected Ident or Expression
   --> src/components/pages/meal_generator.rs:195:36
    |
195 | ...e: "width: 2.5rem; height: 1.25rem; border-radius: 9999px; position: relative; border: none; cursor: pointer; transition: background 0.2s; {if *cuisine_lock.read() { \"background: var(--accent);\" } else { \"background: var(--bg-elevated);\" }}",
    |       ^^^^^^^^^^^^^^^^^^^^^^^^^^^^^^^^^^^^^^^^^^^^^^^^^^^^^^^^^^^^^^^^^^^^^^^^^^^^^^^^^^^^^^^^^^^^^^^^^^^^^^^^^^^^^^^^^^^^^^^^^^^^^^^^^^^^^^^^^^^^^^^^^^^^^^^^^^^^^^^^^^^^^^^^^^^^^^^^^^^^^^^^^^^^^^^^^^^^^^^^^^^^^^^^^^^^^^^^^^^^^^^^^^^^^^^^^^^^^^^^^^

error: Failed to parse formatted segment: Expected Ident or Expression
   --> src/components/pages/meal_generator.rs:279:22
    |
279 | ...e: "background: var(--bg-surface); border: 1px solid var(--border-subtle); border-radius: 0.75rem; margin-bottom: 0.75rem; overflow: hidden; {if locked { \"border-color: var(--accent);\" } else { \"\" }}",
    |       ^^^^^^^^^^^^^^^^^^^^^^^^^^^^^^^^^^^^^^^^^^^^^^^^^^^^^^^^^^^^^^^^^^^^^^^^^^^^^^^^^^^^^^^^^^^^^^^^^^^^^^^^^^^^^^^^^^^^^^^^^^^^^^^^^^^^^^^^^^^^^^^^^^^^^^^^^^^^^^^^^^^^^^^^^^^^^^^^^^^^^^^^^^^^^^^^^^^^^^^^^

error[E0433]: failed to resolve: use of unresolved module or unlinked crate `gloo_timers`
 --> src/components/pages/home.rs:5:5
  |
5 | use gloo_timers::future::TimeoutFuture;
  |     ^^^^^^^^^^^ use of unresolved module or unlinked crate `gloo_timers`
  |
  = help: if you wanted to use a crate named `gloo_timers`, use `cargo add gloo_timers` to add it to your `Cargo.toml`

error[E0432]: unresolved imports `web_sys::CanvasRenderingContext2d`, `web_sys::HtmlCanvasElement`
 --> src/components/pages/home.rs:8:23
  |
8 | use web_sys::{window, CanvasRenderingContext2d, HtmlCanvasElement};
  |                       ^^^^^^^^^^^^^^^^^^^^^^^^  ^^^^^^^^^^^^^^^^^
  |                       |                         |
  |                       |                         no `HtmlCanvasElement` in the root
  |                       |                         help: a similar name exists in the module: `HtmlHeadElement`
  |                       no `CanvasRenderingContext2d` in the root

error[E0432]: unresolved import `wasm_bindgen`
 --> src/components/pages/home.rs:6:5
  |
6 | use wasm_bindgen::JsCast;
  |     ^^^^^^^^^^^^ help: a similar path exists: `web_sys::wasm_bindgen`

error[E0433]: failed to resolve: could not find `jello` in the crate root
  --> src/components/pages/home.rs:11:12
   |
11 | use crate::jello::render::BodyRenderData;
   |            ^^^^^ could not find `jello` in the crate root

error[E0432]: unresolved import `wasm_bindgen_futures`
 --> src/components/pages/home.rs:7:5
  |
7 | use wasm_bindgen_futures::JsFuture;
  |     ^^^^^^^^^^^^^^^^^^^^ use of unresolved module or unlinked crate `wasm_bindgen_futures`
  |
  = help: if you wanted to use a crate named `wasm_bindgen_futures`, use `cargo add wasm_bindgen_futures` to add it to your `Cargo.toml`

error[E0432]: unresolved import `crate::jello`
  --> src/components/pages/home.rs:12:12
   |
12 | use crate::jello::{create_physics, render, PhysicsState};
   |            ^^^^^ could not find `jello` in the crate root

error[E0432]: unresolved import `serde`
 --> src/content/mod.rs:5:5
  |
5 | use serde::{Deserialize, Serialize};
  |     ^^^^^ use of unresolved module or unlinked crate `serde`
  |
  = help: if you wanted to use a crate named `serde`, use `cargo add serde` to add it to your `Cargo.toml`

error[E0412]: cannot find type `Ingredient` in module `crate::content`
  --> src/components/pages/meal_generator.rs:72:46
   |
72 |     protein: Option<&'static crate::content::Ingredient>,
   |                                              ^^^^^^^^^^ not found in `crate::content`
   |
note: struct `crate::content::meal_data::Ingredient` exists but is inaccessible
  --> src/content/meal_data.rs:4:1
   |
 4 | pub struct Ingredient {
   | ^^^^^^^^^^^^^^^^^^^^^ not accessible

error[E0412]: cannot find type `Ingredient` in module `crate::content`
  --> src/components/pages/meal_generator.rs:73:45
   |
73 |     starch: Option<&'static crate::content::Ingredient>,
   |                                             ^^^^^^^^^^ not found in `crate::content`
   |
note: struct `crate::content::meal_data::Ingredient` exists but is inaccessible
  --> src/content/meal_data.rs:4:1
   |
 4 | pub struct Ingredient {
   | ^^^^^^^^^^^^^^^^^^^^^ not accessible

error[E0412]: cannot find type `Ingredient` in module `crate::content`
  --> src/components/pages/meal_generator.rs:74:43
   |
74 |     veg1: Option<&'static crate::content::Ingredient>,
   |                                           ^^^^^^^^^^ not found in `crate::content`
   |
note: struct `crate::content::meal_data::Ingredient` exists but is inaccessible
  --> src/content/meal_data.rs:4:1
   |
 4 | pub struct Ingredient {
   | ^^^^^^^^^^^^^^^^^^^^^ not accessible

error[E0412]: cannot find type `Ingredient` in module `crate::content`
  --> src/components/pages/meal_generator.rs:75:43
   |
75 |     veg2: Option<&'static crate::content::Ingredient>,
   |                                           ^^^^^^^^^^ not found in `crate::content`
   |
note: struct `crate::content::meal_data::Ingredient` exists but is inaccessible
  --> src/content/meal_data.rs:4:1
   |
 4 | pub struct Ingredient {
   | ^^^^^^^^^^^^^^^^^^^^^ not accessible

error[E0412]: cannot find type `Ingredient` in module `crate::content`
  --> src/components/pages/meal_generator.rs:96:57
   |
96 |     let pick_random = |list: &[&'static crate::content::Ingredient]| {
   |                                                         ^^^^^^^^^^ not found in `crate::content`
   |
note: struct `crate::content::meal_data::Ingredient` exists but is inaccessible
  --> src/content/meal_data.rs:4:1
   |
 4 | pub struct Ingredient {
   | ^^^^^^^^^^^^^^^^^^^^^ not accessible

error[E0412]: cannot find type `Ingredient` in module `crate::content`
   --> src/components/pages/meal_generator.rs:101:65
    |
101 |     let in_cuisine = |c: &str, list: &[&'static crate::content::Ingredient]| {
    |                                                                 ^^^^^^^^^^ not found in `crate::content`
    |
note: struct `crate::content::meal_data::Ingredient` exists but is inaccessible
   --> src/content/meal_data.rs:4:1
    |
  4 | pub struct Ingredient {
    | ^^^^^^^^^^^^^^^^^^^^^ not accessible

error[E0412]: cannot find type `Ingredient` in module `crate::content`
   --> src/components/pages/meal_generator.rs:108:66
    |
108 |     let pairs_with_protein = |p: Option<&'static crate::content::Ingredient>,
    |                                                                  ^^^^^^^^^^ not found in `crate::content`
    |
note: struct `crate::content::meal_data::Ingredient` exists but is inaccessible
   --> src/content/meal_data.rs:4:1
    |
  4 | pub struct Ingredient {
    | ^^^^^^^^^^^^^^^^^^^^^ not accessible

error[E0412]: cannot find type `Ingredient` in module `crate::content`
   --> src/components/pages/meal_generator.rs:110:64
    |
110 | ...                   list: &[&'static crate::content::Ingredient],
    |                                                        ^^^^^^^^^^ not found in `crate::content`
    |
note: struct `crate::content::meal_data::Ingredient` exists but is inaccessible
   --> src/content/meal_data.rs:4:1
    |
  4 | pub struct Ingredient {
    | ^^^^^^^^^^^^^^^^^^^^^ not accessible

error[E0412]: cannot find type `Ingredient` in module `crate::content`
   --> src/components/pages/meal_generator.rs:274:43
    |
274 |     item: Option<&'static crate::content::Ingredient>,
    |                                           ^^^^^^^^^^ not found in `crate::content`
    |
note: struct `crate::content::meal_data::Ingredient` exists but is inaccessible
   --> src/content/meal_data.rs:4:1
    |
  4 | pub struct Ingredient {
    | ^^^^^^^^^^^^^^^^^^^^^ not accessible

warning: unused imports: `CUISINE_LABELS` and `INGREDIENTS`
 --> src/components/pages/meal_generator.rs:6:70
  |
6 | use crate::content::{get_proteins, get_starches, get_vegs, CUISINES, CUISINE_LABELS, INGREDIENTS};
  |                                                                      ^^^^^^^^^^^^^^  ^^^^^^^^^^^
  |
  = note: `#[warn(unused_imports)]` (part of `#[warn(unused)]`) on by default

warning: unused import: `home::Home`
 --> src/components/pages/mod.rs:7:9
  |
7 | pub use home::Home;
  |         ^^^^^^^^^^

warning: unused imports: `Footer` and `Nav`
 --> src/main.rs:6:26
  |
6 | use components::layout::{Footer, Nav};
  |                          ^^^^^^  ^^^

error[E0599]: no method named `fonts` found for struct `web_sys::Document` in the current scope
   --> src/components/pages/home.rs:125:53
    |
125 | ...                   let fonts = doc.fonts();
    |                                       ^^^^^ method not found in `web_sys::Document`

error[E0599]: no method named `dyn_into` found for struct `web_sys::Element` in the current scope
   --> src/components/pages/home.rs:140:49
    |
140 | ...                   let Ok(el) = canvas.dyn_into::<HtmlCanvasElement>() else {
    |                                           ^^^^^^^^
    |
   ::: /home/juno/.cargo/registry/src/index.crates.io-1949cf8c6b5b557f/wasm-bindgen-0.2.108/src/cast.rs:43:8
    |
 43 |     fn dyn_into<T>(self) -> Result<T, Self>
    |        -------- the method is available for `web_sys::Element` here
    |
    = help: items from traits can only be used if the trait is in scope
help: trait `JsCast` which provides `dyn_into` is implemented but not in scope; perhaps you want to import it
    |
  3 + use web_sys::wasm_bindgen::JsCast;
    |
help: there is a method `into` with a similar name
    |
140 -                             let Ok(el) = canvas.dyn_into::<HtmlCanvasElement>() else {
140 +                             let Ok(el) = canvas.into::<HtmlCanvasElement>() else {
    |

error[E0599]: no function or associated item named `default` found for struct `MealSelection` in the current scope
  --> src/components/pages/meal_generator.rs:90:51
   |
71 | struct MealSelection {
   | -------------------- function or associated item `default` not found for this struct
...
90 |     let mut selection = use_signal(MealSelection::default);
   |                                                   ^^^^^^^ function or associated item not found in `MealSelection`
   |
   = help: items from traits can only be used if the trait is implemented and in scope
   = note: the following traits define an item `default`, perhaps you need to implement one of them:
           candidate #1: `Default`
           candidate #2: `dioxus::prelude::TrackExtension`

error[E0599]: no function or associated item named `default` found for struct `LockState` in the current scope
  --> src/components/pages/meal_generator.rs:91:43
   |
79 | struct LockState {
   | ---------------- function or associated item `default` not found for this struct
...
91 |     let mut locks = use_signal(LockState::default);
   |                                           ^^^^^^^ function or associated item not found in `LockState`
   |
   = help: items from traits can only be used if the trait is implemented and in scope
   = note: the following traits define an item `default`, perhaps you need to implement one of them:
           candidate #1: `Default`
           candidate #2: `dioxus::prelude::TrackExtension`

Some errors have detailed explanations: E0412, E0432, E0433, E0599.
For more information about an error, try `rustc --explain E0412`.
warning: `mealgen` (bin "mealgen" test) generated 3 warnings
error: could not compile `mealgen` (bin "mealgen" test) due to 22 previous errors; 3 warnings emitted
[exit code: 101]

